<?xml version="1.0" encoding="UTF-8"?>
<!-- Generated by org.testng.reporters.JUnitReportReporter -->
<testsuite hostname="Happiness" failures="0" tests="1" name="com.ws.base.DriverScript" time="7.234" errors="0" timestamp="2024-02-23T17:40:11 CST" skipped="0">
  <testcase classname="com.ws.base.DriverScript" name="initApplication" time="7.234"/>
</testsuite> <!-- com.ws.base.DriverScript -->
